0:00:00.254164733 [332m351325[00m 0xaaaaf8238c90 [36mINFO   [00m [00m             nvinfer gstnvinfer.cpp:2998:nvinfer_plugin_init:[00m [CUSTOM GST-NVINFER] plugin init: edge-deepstream custom build loaded
0:00:00.812942744 [334m351303[00m     0x3cf7e100 [36mINFO   [00m [00m             nvinfer gstnvinfer.cpp:2998:nvinfer_plugin_init:[00m [CUSTOM GST-NVINFER] plugin init: edge-deepstream custom build loaded
Error: gst-core-error-quark: GStreamer error: state change failed and some element failed to post a proper error message with the reason for the failure. (4): gstbasesink.c(5367): gst_base_sink_change_state (): /GstPipeline:pipeline0/GstNv3dSink:nv3d-sink:
Failed to start
{'pipeline': {'display': 1, 'is_aarch64': 1, 'known_face_dir': 'data/known_faces', 'save_feature': 1, 'save_feature_path': 'data/features'}, 'streammux': {'gpu_id': 0, 'batch-size': 1, 'width': 1920, 'height': 1080, 'batched-push-timeout': 1000}, 'nvosd': {'process-mode': 0, 'display-text': 1}, 'source': {'source0': 'file:///home/m2n/edge-deepstream/data/media/friends_s1e1_cut.mp4'}, 'pgie': {'config-file-path': 'config/config_yolov8n_face.txt'}, 'sgie': {'config-file-path': 'config/config_arcface.txt'}, 'tracker': {'config-file-path': 'config/config_tracker_perf.txt'}, 'tiler': {'width': 1920, 'height': 1080}, 'sink': {'qos': 1, 'sync': 0}, 'recognition': {'threshold': 0.4, 'save_dir': 'data/faces/recognized', 'save_mode': 'all'}}
Load known faces features 

Features will save to data/features

Creating Pipeline 
 
Creating streamux 
 
Creating source_bin  0  
 
Creating Pgie 
 
Creating Sgie 
 
Creating Tracker 
 
Creating tiler 
 
Creating nvvidconv 
 
Creating nvosd 
 
Creating nv3dsink 

streammux set_property gpu_id 0 

streammux set_property batch-size 1 

streammux set_property width 1920 

streammux set_property height 1080 

streammux set_property batched-push-timeout 1000 

pgie set_property config-file-path config/config_yolov8n_face.txt 

sgie set_property config-file-path config/config_arcface.txt 

nvosd set_property process-mode 0 

nvosd set_property display-text 1 

tiler set_property width 1920 

tiler set_property height 1080 

sink set_property qos 1 

sink set_property sync 0 

Adding elements to Pipeline 

Linking elements in the Pipeline 

Attach probes
Now playing...

source0: file:///home/m2n/edge-deepstream/data/media/friends_s1e1_cut.mp4 

Starting pipeline 

Exiting app

