0:00:00.307819985 [332m353125[00m 0xaaab136eec90 [36mINFO   [00m [00m             nvinfer gstnvinfer.cpp:2998:nvinfer_plugin_init:[00m [CUSTOM GST-NVINFER] plugin init: edge-deepstream custom build loaded
0:00:00.863110046 [336m353111[00m     0x3144ad00 [36mINFO   [00m [00m             nvinfer gstnvinfer.cpp:2998:nvinfer_plugin_init:[00m [CUSTOM GST-NVINFER] plugin init: edge-deepstream custom build loaded
0:00:09.384441556 [336m353111[00m     0x3144ad00 [36mINFO   [00m [00m             nvinfer gstnvinfer.cpp:725:gst_nvinfer_logger:<secondary-inference>[00m NvDsInferContext[UID 2]: Info from NvDsInferContextImpl::deserializeEngineAndBackend() <nvdsinfer_context_impl.cpp:1900> [UID = 2]: deserialized trt engine from :/home/m2n/edge-deepstream/models/arcface/arcface.engine
0:00:09.465912536 [336m353111[00m     0x3144ad00 [36mINFO   [00m [00m             nvinfer gstnvinfer.cpp:725:gst_nvinfer_logger:<secondary-inference>[00m NvDsInferContext[UID 2]: Info from NvDsInferContextImpl::generateBackendContext() <nvdsinfer_context_impl.cpp:2003> [UID = 2]: Use deserialized engine model: /home/m2n/edge-deepstream/models/arcface/arcface.engine
0:00:09.517000447 [336m353111[00m     0x3144ad00 [36mINFO   [00m [00m             nvinfer gstnvinfer_impl.cpp:328:notifyLoadModelStatus:<secondary-inference>[00m [UID 2]: Load new model:config/config_arcface.txt sucessfully
WARNING: [TRT]: Using an engine plan file across different models of devices is not recommended and is likely to affect performance or even cause errors.
INFO: [FullDims Engine Info]: layers num: 2
0   INPUT  kFLOAT input.1         3x112x112       min: 1x3x112x112     opt: 4x3x112x112     Max: 4x3x112x112     
1   OUTPUT kFLOAT 683             512             min: 0               opt: 0               Max: 0               

gstnvtracker: Loading low-level lib at /opt/nvidia/deepstream/deepstream/lib/libnvds_nvmultiobjecttracker.so
[NvMultiObjectTracker] Initialized
0:00:12.892473995 [336m353111[00m     0x3144ad00 [36mINFO   [00m [00m             nvinfer gstnvinfer.cpp:725:gst_nvinfer_logger:<primary-inference>[00m NvDsInferContext[UID 1]: Info from NvDsInferContextImpl::deserializeEngineAndBackend() <nvdsinfer_context_impl.cpp:1900> [UID = 1]: deserialized trt engine from :/home/m2n/edge-deepstream/models/yolov8n_face/yolov8n-face.onnx_b4_gpu0_fp16.engine
0:00:13.011800273 [336m353111[00m     0x3144ad00 [36mINFO   [00m [00m             nvinfer gstnvinfer.cpp:725:gst_nvinfer_logger:<primary-inference>[00m NvDsInferContext[UID 1]: Info from NvDsInferContextImpl::generateBackendContext() <nvdsinfer_context_impl.cpp:2003> [UID = 1]: Use deserialized engine model: /home/m2n/edge-deepstream/models/yolov8n_face/yolov8n-face.onnx_b4_gpu0_fp16.engine
0:00:13.048640719 [336m353111[00m     0x3144ad00 [36mINFO   [00m [00m             nvinfer gstnvinfer_impl.cpp:328:notifyLoadModelStatus:<primary-inference>[00m [UID 1]: Load new model:config/config_yolov8n_face.txt sucessfully

** (python3:353111): CRITICAL **: 18:46:39.520: gst_audio_channel_positions_to_valid_order: assertion 'check_valid_channel_positions (position, channels, FALSE, NULL)' failed

** (python3:353111): CRITICAL **: 18:46:39.521: gst_audio_get_channel_reorder_map: assertion 'check_valid_channel_positions (from, channels, FALSE, NULL)' failed

** (python3:353111): WARNING **: 18:46:39.521: Invalid channel positions
NvMMLiteOpen : Block : BlockType = 261 
NvMMLiteBlockCreate : Block : BlockType = 261 
0:00:19.880634953 [336m353111[00m     0x3144e980 [36mINFO   [00m [00m             nvinfer gstnvinfer.cpp:1660:align_preprocess:<secondary-inference>[00m Align lmks: (57.6,49.2) (81.6,69.6) (57.6,84.8) (28.8,79.8) (52.8,95.0)
0:00:19.880766889 [336m353111[00m     0x3144e980 [36mINFO   [00m [00m             nvinfer gstnvinfer.cpp:1662:align_preprocess:<secondary-inference>[00m Affine M: [0.724596 -0.672657 66.590599; 0.672657 0.724596 -20.393669] dsize=112x112 src=112x112
0:00:19.881216716 [336m353111[00m     0x3144e980 [36mINFO   [00m [00m             nvinfer gstnvinfer.cpp:1723:align_preprocess:<secondary-inference>[00m Align crop took 280 us (channels=4, 112x112)
0:00:20.036987534 [336m353111[00m     0x3144e980 [36mINFO   [00m [00m             nvinfer gstnvinfer.cpp:1660:align_preprocess:<secondary-inference>[00m Align lmks: (41.4,46.0) (85.2,52.0) (70.6,76.0) (41.4,94.0) (77.9,94.0)
0:00:20.037101327 [336m353111[00m     0x3144e980 [36mINFO   [00m [00m             nvinfer gstnvinfer.cpp:1662:align_preprocess:<secondary-inference>[00m Affine M: [0.831997 -0.072535 8.608697; 0.072535 0.831997 7.072423] dsize=112x112 src=112x112
0:00:20.049527535 [336m353111[00m     0x3144e980 [36mINFO   [00m [00m             nvinfer gstnvinfer.cpp:1723:align_preprocess:<secondary-inference>[00m Align crop took 998 us (channels=4, 112x112)
0:00:20.104916204 [336m353111[00m     0x3144e980 [36mINFO   [00m [00m             nvinfer gstnvinfer.cpp:1660:align_preprocess:<secondary-inference>[00m Align lmks: (22.0,54.3) (52.0,49.2) (28.0,79.8) (40.0,95.0) (64.0,89.9)
0:00:20.105595312 [336m353111[00m     0x3144e980 [36mINFO   [00m [00m             nvinfer gstnvinfer.cpp:1662:align_preprocess:<secondary-inference>[00m Affine M: [0.871823 0.261977 0.812855; -0.261977 0.871823 18.485777] dsize=112x112 src=112x112
0:00:21.947545856 [336m353111[00m     0x3144e980 [36mINFO   [00m [00m             nvinfer gstnvinfer.cpp:1734:align_preprocess:<secondary-inference>[00m Alignment FPS ~ 2348.62 (avg 426 us over 32 crops)
0:00:23.987561933 [336m353111[00m     0x3144e980 [36mINFO   [00m [00m             nvinfer gstnvinfer.cpp:1734:align_preprocess:<secondary-inference>[00m Alignment FPS ~ 2844.85 (avg 352 us over 39 crops)
0:00:26.005995659 [336m353111[00m     0x3144e980 [36mINFO   [00m [00m             nvinfer gstnvinfer.cpp:1734:align_preprocess:<secondary-inference>[00m Alignment FPS ~ 1519.76 (avg 658 us over 43 crops)
0:00:28.051115698 [336m353111[00m     0x3144e980 [36mINFO   [00m [00m             nvinfer gstnvinfer.cpp:1734:align_preprocess:<secondary-inference>[00m Alignment FPS ~ 4456.09 (avg 224 us over 34 crops)
0:00:30.065525660 [336m353111[00m     0x3144e980 [36mINFO   [00m [00m             nvinfer gstnvinfer.cpp:1734:align_preprocess:<secondary-inference>[00m Alignment FPS ~ 3225.24 (avg 310 us over 37 crops)
0:00:32.112353260 [336m353111[00m     0x3144e980 [36mINFO   [00m [00m             nvinfer gstnvinfer.cpp:1734:align_preprocess:<secondary-inference>[00m Alignment FPS ~ 1108.00 (avg 903 us over 36 crops)
0:00:34.119042285 [336m353111[00m     0x3144e980 [36mINFO   [00m [00m             nvinfer gstnvinfer.cpp:1734:align_preprocess:<secondary-inference>[00m Alignment FPS ~ 2679.66 (avg 373 us over 33 crops)
0:00:36.140224346 [336m353111[00m     0x3144e980 [36mINFO   [00m [00m             nvinfer gstnvinfer.cpp:1734:align_preprocess:<secondary-inference>[00m Alignment FPS ~ 1935.76 (avg 517 us over 27 crops)
0:00:38.177435193 [336m353111[00m     0x3144e980 [36mINFO   [00m [00m             nvinfer gstnvinfer.cpp:1734:align_preprocess:<secondary-inference>[00m Alignment FPS ~ 3077.26 (avg 325 us over 28 crops)
0:00:40.180849194 [336m353111[00m     0x3144e980 [36mINFO   [00m [00m             nvinfer gstnvinfer.cpp:1734:align_preprocess:<secondary-inference>[00m Alignment FPS ~ 2968.01 (avg 337 us over 27 crops)
{'pipeline': {'display': 0, 'is_aarch64': 1, 'known_face_dir': 'data/known_faces', 'save_feature': 1, 'save_feature_path': 'data/features'}, 'streammux': {'gpu_id': 0, 'batch-size': 1, 'width': 1920, 'height': 1080, 'batched-push-timeout': 1000}, 'nvosd': {'process-mode': 0, 'display-text': 1}, 'source': {'source0': 'file:///home/m2n/edge-deepstream/data/media/friends_s1e1_cut.mp4'}, 'pgie': {'config-file-path': 'config/config_yolov8n_face.txt'}, 'sgie': {'config-file-path': 'config/config_arcface.txt'}, 'tracker': {'config-file-path': 'config/config_tracker_perf.txt'}, 'tiler': {'width': 1920, 'height': 1080}, 'sink': {'qos': 1, 'sync': 0}, 'recognition': {'threshold': 0.4, 'save_dir': 'data/faces/recognized', 'save_mode': 'all'}}
Load known faces features 

Features will save to data/features

Creating Pipeline 
 
Creating streamux 
 
Creating source_bin  0  
 
Creating Pgie 
 
Creating Sgie 
 
Creating Tracker 
 
Creating tiler 
 
Creating nvvidconv 
 
Creating nvosd 
 
Creating Fakesink 

streammux set_property gpu_id 0 

streammux set_property batch-size 1 

streammux set_property width 1920 

streammux set_property height 1080 

streammux set_property batched-push-timeout 1000 

pgie set_property config-file-path config/config_yolov8n_face.txt 

sgie set_property config-file-path config/config_arcface.txt 

nvosd set_property process-mode 0 

nvosd set_property display-text 1 

tiler set_property width 1920 

tiler set_property height 1080 

sink set_property qos 1 

sink set_property sync 0 

Adding elements to Pipeline 

Linking elements in the Pipeline 

Attach probes
Now playing...

source0: file:///home/m2n/edge-deepstream/data/media/friends_s1e1_cut.mp4 

Starting pipeline 

Decodebin child added: source
Decodebin child added: decodebin0
Decodebin child added: qtdemux0
Decodebin child added: multiqueue0
Decodebin child added: h264parse0
Decodebin child added: capsfilter0
Decodebin child added: aacparse0
Decodebin child added: faad0
Decodebin child added: nvv4l2decoder0
In cb_newpad

gstname= video/x-raw
features= <Gst.CapsFeatures object at 0xffff84ed4100 (GstCapsFeatures at 0x3123c0e0)>
In cb_newpad

gstname= audio/x-raw
frame-3, face-3 match: Phoebe score: 0.562
frame-4, face-3 match: Phoebe score: 0.591
frame-5, face-3 match: Phoebe score: 0.553
frame-6, face-3 match: Phoebe score: 0.565
frame-7, face-3 match: Phoebe score: 0.580
frame-8, face-3 match: Phoebe score: 0.633
frame-9, face-3 match: Phoebe score: 0.627
frame-10, face-3 match: Phoebe score: 0.636
frame-11, face-3 match: Phoebe score: 0.597
frame-12, face-3 match: Phoebe score: 0.614
frame-13, face-0 match: Monica score: 0.405
frame-13, face-3 match: Phoebe score: 0.610
frame-14, face-3 match: Phoebe score: 0.602
frame-15, face-3 match: Phoebe score: 0.634
frame-16, face-3 match: Phoebe score: 0.613
frame-17, face-3 match: Phoebe score: 0.624
frame-18, face-3 match: Phoebe score: 0.657
frame-19, face-3 match: Phoebe score: 0.613
frame-20, face-3 match: Phoebe score: 0.608
frame-21, face-3 match: Phoebe score: 0.578
frame-22, face-3 match: Phoebe score: 0.642
frame-23, face-3 match: Phoebe score: 0.644
frame-24, face-3 match: Phoebe score: 0.651
frame-25, face-3 match: Phoebe score: 0.665
frame-26, face-3 match: Phoebe score: 0.656
frame-27, face-3 match: Phoebe score: 0.651
frame-28, face-3 match: Phoebe score: 0.653
frame-29, face-3 match: Phoebe score: 0.657
frame-30, face-3 match: Phoebe score: 0.675
frame-31, face-3 match: Phoebe score: 0.653
frame-32, face-3 match: Phoebe score: 0.643
frame-33, face-3 match: Phoebe score: 0.644
frame-34, face-3 match: Phoebe score: 0.636
frame-35, face-3 match: Phoebe score: 0.676
frame-36, face-3 match: Phoebe score: 0.651
frame-37, face-3 match: Phoebe score: 0.649
frame-38, face-3 match: Phoebe score: 0.671
frame-39, face-3 match: Phoebe score: 0.666
frame-40, face-3 match: Phoebe score: 0.633
frame-41, face-3 match: Phoebe score: 0.628
frame-42, face-3 match: Phoebe score: 0.521
frame-43, face-3 match: Phoebe score: 0.608
frame-44, face-3 match: Phoebe score: 0.582
frame-45, face-3 match: Phoebe score: 0.629
frame-46, face-3 match: Phoebe score: 0.581
frame-47, face-3 match: Phoebe score: 0.544
frame-48, face-3 match: Phoebe score: 0.511
frame-52, face-6 match: Ross score: 0.551
frame-52, face-7 match: Phoebe score: 0.716
frame-53, face-6 match: Ross score: 0.565
frame-53, face-7 match: Phoebe score: 0.704
frame-54, face-6 match: Ross score: 0.545
frame-54, face-7 match: Phoebe score: 0.718
frame-55, face-6 match: Ross score: 0.565
frame-55, face-7 match: Phoebe score: 0.718
frame-56, face-6 match: Ross score: 0.575
frame-56, face-7 match: Phoebe score: 0.739
frame-57, face-6 match: Ross score: 0.586
frame-57, face-7 match: Phoebe score: 0.710
frame-58, face-6 match: Ross score: 0.581
frame-58, face-7 match: Phoebe score: 0.735
frame-59, face-6 match: Ross score: 0.573
frame-59, face-7 match: Phoebe score: 0.726
frame-60, face-6 match: Ross score: 0.565
frame-60, face-7 match: Phoebe score: 0.693
frame-61, face-6 match: Ross score: 0.575
frame-61, face-7 match: Phoebe score: 0.689
frame-62, face-6 match: Ross score: 0.626
frame-62, face-7 match: Phoebe score: 0.723
frame-63, face-6 match: Ross score: 0.622
frame-63, face-7 match: Phoebe score: 0.730
frame-64, face-6 match: Ross score: 0.610
frame-64, face-7 match: Phoebe score: 0.719
frame-65, face-6 match: Ross score: 0.586
frame-65, face-7 match: Phoebe score: 0.741
frame-66, face-6 match: Ross score: 0.588
frame-66, face-7 match: Phoebe score: 0.736
frame-67, face-6 match: Ross score: 0.591
frame-67, face-7 match: Phoebe score: 0.727
frame-68, face-6 match: Ross score: 0.590
frame-68, face-7 match: Phoebe score: 0.744
frame-69, face-6 match: Ross score: 0.579
frame-69, face-7 match: Phoebe score: 0.738
frame-70, face-6 match: Ross score: 0.582
frame-70, face-7 match: Phoebe score: 0.746
frame-71, face-6 match: Ross score: 0.582
frame-71, face-7 match: Phoebe score: 0.739
frame-72, face-6 match: Ross score: 0.584
frame-72, face-7 match: Phoebe score: 0.758
frame-73, face-6 match: Ross score: 0.589
frame-73, face-7 match: Phoebe score: 0.767
frame-74, face-6 match: Ross score: 0.593
frame-74, face-7 match: Phoebe score: 0.753
frame-75, face-6 match: Ross score: 0.589
frame-75, face-7 match: Phoebe score: 0.755
frame-76, face-6 match: Ross score: 0.602
frame-76, face-7 match: Phoebe score: 0.712
frame-77, face-6 match: Ross score: 0.607
frame-77, face-7 match: Phoebe score: 0.721
frame-78, face-6 match: Ross score: 0.568
frame-78, face-7 match: Phoebe score: 0.733
frame-79, face-6 match: Ross score: 0.572
frame-79, face-7 match: Phoebe score: 0.715
frame-80, face-6 match: Ross score: 0.603
frame-80, face-7 match: Phoebe score: 0.705
frame-81, face-6 match: Ross score: 0.592
frame-81, face-7 match: Phoebe score: 0.701
frame-82, face-6 match: Ross score: 0.618
frame-82, face-7 match: Phoebe score: 0.723
frame-83, face-6 match: Ross score: 0.620
frame-83, face-7 match: Phoebe score: 0.727
frame-84, face-6 match: Ross score: 0.645
frame-84, face-7 match: Phoebe score: 0.719
frame-85, face-6 match: Ross score: 0.695
frame-85, face-7 match: Phoebe score: 0.719
frame-86, face-6 match: Ross score: 0.705
frame-86, face-7 match: Phoebe score: 0.745
frame-87, face-6 match: Ross score: 0.702
frame-87, face-7 match: Phoebe score: 0.766
frame-88, face-6 match: Ross score: 0.742
frame-88, face-7 match: Phoebe score: 0.751
frame-89, face-6 match: Ross score: 0.705
frame-89, face-7 match: Phoebe score: 0.762
frame-90, face-6 match: Ross score: 0.727
frame-90, face-7 match: Phoebe score: 0.739
frame-91, face-6 match: Ross score: 0.728
frame-91, face-7 match: Phoebe score: 0.733
frame-92, face-6 match: Ross score: 0.712
frame-92, face-7 match: Phoebe score: 0.720
frame-93, face-6 match: Ross score: 0.704
frame-93, face-7 match: Phoebe score: 0.730
frame-97, face-8 match: Monica score: 0.430
frame-98, face-8 match: Monica score: 0.450
frame-99, face-8 match: Monica score: 0.410
frame-100, face-8 match: Monica score: 0.413
frame-101, face-8 match: Monica score: 0.452
frame-102, face-8 match: Monica score: 0.462
frame-103, face-8 match: Monica score: 0.442
0:00:42.190359642 [336m353111[00m     0x3144e980 [36mINFO   [00m [00m             nvinfer gstnvinfer.cpp:1734:align_preprocess:<secondary-inference>[00m Alignment FPS ~ 2950.27 (avg 339 us over 21 crops)
0:00:44.205224390 [336m353111[00m     0x3144e980 [36mINFO   [00m [00m             nvinfer gstnvinfer.cpp:1734:align_preprocess:<secondary-inference>[00m Alignment FPS ~ 4322.77 (avg 231 us over 27 crops)
0:00:46.241286879 [336m353111[00m     0x3144e980 [36mINFO   [00m [00m             nvinfer gstnvinfer.cpp:1734:align_preprocess:<secondary-inference>[00m Alignment FPS ~ 5543.42 (avg 180 us over 33 crops)
0:00:48.319434193 [336m353111[00m     0x3144e980 [36mINFO   [00m [00m             nvinfer gstnvinfer.cpp:1734:align_preprocess:<secondary-inference>[00m Alignment FPS ~ 2343.75 (avg 427 us over 27 crops)
0:00:50.377133722 [336m353111[00m     0x3144e980 [36mINFO   [00m [00m             nvinfer gstnvinfer.cpp:1734:align_preprocess:<secondary-inference>[00m Alignment FPS ~ 1303.30 (avg 767 us over 28 crops)
0:00:52.399916367 [336m353111[00m     0x3144e980 [36mINFO   [00m [00m             nvinfer gstnvinfer.cpp:1734:align_preprocess:<secondary-inference>[00m Alignment FPS ~ 1522.35 (avg 657 us over 25 crops)
0:00:54.472301060 [336m353111[00m     0x3144e980 [36mINFO   [00m [00m             nvinfer gstnvinfer.cpp:1734:align_preprocess:<secondary-inference>[00m Alignment FPS ~ 684.61 (avg 1461 us over 25 crops)
frame-104, face-8 match: Monica score: 0.419
frame-105, face-8 match: Monica score: 0.455
frame-106, face-8 match: Monica score: 0.445
frame-107, face-8 match: Monica score: 0.422
frame-108, face-8 match: Monica score: 0.476
frame-109, face-8 match: Monica score: 0.436
frame-112, face-8 match: Monica score: 0.437
frame-113, face-8 match: Monica score: 0.444
frame-114, face-8 match: Monica score: 0.495
frame-115, face-8 match: Monica score: 0.499
frame-116, face-8 match: Monica score: 0.512
frame-117, face-6 match: Ross score: 0.803
frame-118, face-6 match: Ross score: 0.748
frame-119, face-6 match: Ross score: 0.727
frame-120, face-6 match: Ross score: 0.689
frame-120, face-9 match: Phoebe score: 0.685
frame-121, face-6 match: Ross score: 0.713
frame-121, face-9 match: Phoebe score: 0.693
frame-122, face-6 match: Ross score: 0.717
frame-122, face-9 match: Phoebe score: 0.693
frame-123, face-6 match: Ross score: 0.707
frame-123, face-9 match: Phoebe score: 0.708
frame-124, face-6 match: Ross score: 0.678
frame-124, face-9 match: Phoebe score: 0.695
frame-125, face-6 match: Ross score: 0.689
frame-125, face-9 match: Phoebe score: 0.689
frame-126, face-6 match: Ross score: 0.680
frame-126, face-9 match: Phoebe score: 0.700
frame-127, face-6 match: Ross score: 0.673
frame-127, face-9 match: Phoebe score: 0.670
frame-128, face-6 match: Ross score: 0.698
frame-128, face-9 match: Phoebe score: 0.690
frame-129, face-6 match: Ross score: 0.686
frame-129, face-9 match: Phoebe score: 0.641
frame-130, face-6 match: Ross score: 0.687
frame-130, face-9 match: Phoebe score: 0.643
frame-131, face-6 match: Ross score: 0.699
frame-131, face-9 match: Phoebe score: 0.634
frame-132, face-6 match: Ross score: 0.708
frame-132, face-9 match: Phoebe score: 0.680
frame-133, face-6 match: Ross score: 0.724
frame-133, face-9 match: Phoebe score: 0.695
frame-134, face-6 match: Ross score: 0.723
frame-134, face-9 match: Phoebe score: 0.669
frame-135, face-6 match: Ross score: 0.738
frame-135, face-9 match: Phoebe score: 0.657
frame-136, face-6 match: Ross score: 0.737
frame-136, face-9 match: Phoebe score: 0.634
frame-137, face-6 match: Ross score: 0.728
frame-137, face-9 match: Phoebe score: 0.640
frame-138, face-6 match: Ross score: 0.732
frame-138, face-9 match: Phoebe score: 0.633
frame-139, face-6 match: Ross score: 0.727
frame-139, face-9 match: Phoebe score: 0.651
frame-140, face-6 match: Ross score: 0.726
frame-140, face-9 match: Phoebe score: 0.646
frame-141, face-6 match: Ross score: 0.735
frame-141, face-9 match: Phoebe score: 0.587
frame-142, face-6 match: Ross score: 0.742
frame-142, face-9 match: Phoebe score: 0.580
frame-143, face-6 match: Ross score: 0.744
frame-143, face-9 match: Phoebe score: 0.591
frame-144, face-6 match: Ross score: 0.730
frame-144, face-9 match: Phoebe score: 0.633
frame-145, face-6 match: Ross score: 0.737
frame-145, face-9 match: Phoebe score: 0.657
frame-146, face-6 match: Ross score: 0.739
frame-146, face-9 match: Phoebe score: 0.634
frame-147, face-6 match: Ross score: 0.731
frame-147, face-9 match: Phoebe score: 0.617
frame-148, face-6 match: Ross score: 0.732
frame-148, face-9 match: Phoebe score: 0.630
frame-149, face-6 match: Ross score: 0.735
frame-149, face-9 match: Phoebe score: 0.606
frame-150, face-6 match: Ross score: 0.722
frame-150, face-9 match: Phoebe score: 0.616
frame-151, face-6 match: Ross score: 0.714
frame-151, face-9 match: Phoebe score: 0.598
frame-155, face-10 match: Monica score: 0.719
frame-156, face-10 match: Monica score: 0.775
frame-157, face-10 match: Monica score: 0.865
frame-158, face-10 match: Monica score: 0.789
frame-159, face-10 match: Monica score: 0.739
frame-160, face-10 match: Monica score: 0.719
frame-161, face-10 match: Monica score: 0.666
frame-162, face-10 match: Monica score: 0.669
frame-163, face-10 match: Monica score: 0.662
frame-164, face-10 match: Monica score: 0.635
frame-165, face-10 match: Monica score: 0.611
frame-166, face-10 match: Monica score: 0.629
frame-167, face-10 match: Monica score: 0.620
frame-168, face-10 match: Monica score: 0.624
frame-169, face-10 match: Monica score: 0.607
frame-170, face-10 match: Monica score: 0.611
frame-171, face-10 match: Monica score: 0.632
frame-172, face-10 match: Monica score: 0.613
frame-173, face-10 match: Monica score: 0.619
frame-174, face-10 match: Monica score: 0.615
frame-175, face-10 match: Monica score: 0.576
frame-176, face-10 match: Monica score: 0.430
frame-186, face-10 match: Monica score: 0.430
frame-187, face-10 match: Monica score: 0.500
frame-188, face-10 match: Monica score: 0.508
frame-189, face-10 match: Monica score: 0.546
frame-190, face-10 match: Monica score: 0.556
frame-191, face-10 match: Monica score: 0.542
frame-192, face-10 match: Monica score: 0.591
frame-193, face-10 match: Monica score: 0.602
frame-194, face-10 match: Monica score: 0.608
frame-198, face-11 match: Ross score: 0.792
frame-198, face-12 match: Phoebe score: 0.609
frame-199, face-11 match: Ross score: 0.771
frame-199, face-12 match: Phoebe score: 0.590
frame-200, face-11 match: Ross score: 0.782
frame-200, face-12 match: Phoebe score: 0.576
frame-201, face-11 match: Ross score: 0.821
frame-201, face-12 match: Phoebe score: 0.595
frame-202, face-11 match: Ross score: 0.828
frame-202, face-12 match: Phoebe score: 0.602
frame-203, face-11 match: Ross score: 0.825
frame-203, face-12 match: Phoebe score: 0.582
frame-204, face-11 match: Ross score: 0.786
frame-204, face-12 match: Phoebe score: 0.573
frame-205, face-11 match: Ross score: 0.801
frame-205, face-12 match: Phoebe score: 0.531
frame-206, face-11 match: Ross score: 0.778
frame-206, face-12 match: Phoebe score: 0.548
frame-207, face-11 match: Ross score: 0.789
frame-207, face-12 match: Phoebe score: 0.551
frame-208, face-12 match: Phoebe score: 0.558
frame-208, face-11 match: Ross score: 0.803
frame-209, face-12 match: Phoebe score: 0.560
frame-209, face-11 match: Ross score: 0.800
frame-210, face-12 match: Phoebe score: 0.571
frame-210, face-11 match: Ross score: 0.812
frame-211, face-11 match: Ross score: 0.780
frame-211, face-12 match: Phoebe score: 0.547
frame-212, face-11 match: Ross score: 0.765
frame-212, face-12 match: Phoebe score: 0.591
frame-213, face-11 match: Ross score: 0.747
frame-213, face-12 match: Phoebe score: 0.606
frame-214, face-11 match: Ross score: 0.745
frame-214, face-12 match: Phoebe score: 0.626
frame-215, face-11 match: Ross score: 0.725
frame-215, face-12 match: Phoebe score: 0.621
frame-216, face-11 match: Ross score: 0.703
frame-216, face-12 match: Phoebe score: 0.630
frame-217, face-11 match: Ross score: 0.686
frame-217, face-12 match: Phoebe score: 0.623
frame-218, face-11 match: Ross score: 0.713
frame-218, face-12 match: Phoebe score: 0.602
frame-219, face-11 match: Ross score: 0.635
frame-219, face-12 match: Phoebe score: 0.590
frame-220, face-11 match: Ross score: 0.691
frame-220, face-12 match: Phoebe score: 0.625
frame-221, face-11 match: Ross score: 0.627
frame-221, face-12 match: Phoebe score: 0.643
frame-222, face-11 match: Ross score: 0.618
frame-222, face-12 match: Phoebe score: 0.607
frame-223, face-11 match: Ross score: 0.584
frame-223, face-12 match: Phoebe score: 0.637
frame-224, face-11 match: Ross score: 0.574
frame-224, face-12 match: Phoebe score: 0.622
frame-225, face-11 match: Ross score: 0.576
frame-225, face-12 match: Phoebe score: 0.642
frame-226, face-11 match: Ross score: 0.589
frame-226, face-12 match: Phoebe score: 0.632
frame-227, face-11 match: Ross score: 0.563
frame-227, face-12 match: Phoebe score: 0.621
frame-228, face-11 match: Ross score: 0.569
frame-228, face-12 match: Phoebe score: 0.621
frame-229, face-11 match: Ross score: 0.576
frame-229, face-12 match: Phoebe score: 0.617
frame-230, face-11 match: Ross score: 0.581
frame-230, face-12 match: Phoebe score: 0.644
frame-231, face-11 match: Ross score: 0.542
frame-231, face-12 match: Phoebe score: 0.614
frame-232, face-11 match: Ross score: 0.536
frame-232, face-12 match: Phoebe score: 0.609
frame-233, face-11 match: Ross score: 0.551
frame-233, face-12 match: Phoebe score: 0.568
frame-234, face-11 match: Ross score: 0.549
0:00:56.547926537 [336m353111[00m     0x3144e980 [36mINFO   [00m [00m             nvinfer gstnvinfer.cpp:1734:align_preprocess:<secondary-inference>[00m Alignment FPS ~ 2147.90 (avg 466 us over 14 crops)
0:00:58.567965200 [336m353111[00m     0x3144e980 [36mINFO   [00m [00m             nvinfer gstnvinfer.cpp:1734:align_preprocess:<secondary-inference>[00m Alignment FPS ~ 1127.22 (avg 887 us over 29 crops)
0:01:00.623071756 [336m353111[00m     0x3144e980 [36mINFO   [00m [00m             nvinfer gstnvinfer.cpp:1734:align_preprocess:<secondary-inference>[00m Alignment FPS ~ 744.13 (avg 1344 us over 34 crops)
0:01:02.668038900 [336m353111[00m     0x3144e980 [36mINFO   [00m [00m             nvinfer gstnvinfer.cpp:1734:align_preprocess:<secondary-inference>[00m Alignment FPS ~ 903.59 (avg 1107 us over 39 crops)
0:01:04.683858469 [336m353111[00m     0x3144e980 [36mINFO   [00m [00m             nvinfer gstnvinfer.cpp:1734:align_preprocess:<secondary-inference>[00m Alignment FPS ~ 1297.60 (avg 771 us over 43 crops)
0:01:06.688103963 [336m353111[00m     0x3144e980 [36mINFO   [00m [00m             nvinfer gstnvinfer.cpp:1734:align_preprocess:<secondary-inference>[00m Alignment FPS ~ 1606.59 (avg 622 us over 39 crops)
0:01:08.689169665 [336m353111[00m     0x3144e980 [36mINFO   [00m [00m             nvinfer gstnvinfer.cpp:1734:align_preprocess:<secondary-inference>[00m Alignment FPS ~ 634.59 (avg 1576 us over 41 crops)
0:01:10.712404952 [336m353111[00m     0x3144e980 [36mINFO   [00m [00m             nvinfer gstnvinfer.cpp:1734:align_preprocess:<secondary-inference>[00m Alignment FPS ~ 1827.50 (avg 547 us over 36 crops)
0:01:12.724008116 [336m353111[00m     0x3144e980 [36mINFO   [00m [00m             nvinfer gstnvinfer.cpp:1734:align_preprocess:<secondary-inference>[00m Alignment FPS ~ 1374.14 (avg 728 us over 37 crops)
0:01:14.731770941 [336m353111[00m     0x3144e980 [36mINFO   [00m [00m             nvinfer gstnvinfer.cpp:1734:align_preprocess:<secondary-inference>[00m Alignment FPS ~ 1232.11 (avg 812 us over 34 crops)
0:01:16.948215224 [336m353111[00m     0x3144e980 [33;01mWARN   [00m [00m             nvinfer gstnvinfer.cpp:1565:align_preprocess:<secondary-inference>[00m Landmark info is invalid, skip alignment
0:01:16.990083824 [336m353111[00m     0x3144e980 [33;01mWARN   [00m [00m             nvinfer gstnvinfer.cpp:1565:align_preprocess:<secondary-inference>[00m Landmark info is invalid, skip alignment
0:01:17.023177050 [336m353111[00m     0x3144e980 [33;01mWARN   [00m [00m             nvinfer gstnvinfer.cpp:1565:align_preprocess:<secondary-inference>[00m Landmark info is invalid, skip alignment
0:01:17.061842306 [336m353111[00m     0x3144e980 [33;01mWARN   [00m [00m             nvinfer gstnvinfer.cpp:1565:align_preprocess:<secondary-inference>[00m Landmark info is invalid, skip alignment
0:01:17.134449368 [336m353111[00m     0x3144e980 [33;01mWARN   [00m [00m             nvinfer gstnvinfer.cpp:1565:align_preprocess:<secondary-inference>[00m Landmark info is invalid, skip alignment
0:01:17.168059493 [336m353111[00m     0x3144e980 [33;01mWARN   [00m [00m             nvinfer gstnvinfer.cpp:1565:align_preprocess:<secondary-inference>[00m Landmark info is invalid, skip alignment
0:01:17.665084294 [336m353111[00m     0x3144e980 [36mINFO   [00m [00m             nvinfer gstnvinfer.cpp:1734:align_preprocess:<secondary-inference>[00m Alignment FPS ~ 4227.52 (avg 237 us over 22 crops)
0:01:19.698357937 [336m353111[00m     0x3144e980 [36mINFO   [00m [00m             nvinfer gstnvinfer.cpp:1734:align_preprocess:<secondary-inference>[00m Alignment FPS ~ 721.50 (avg 1386 us over 24 crops)
0:01:21.715424042 [336m353111[00m     0x3144e980 [36mINFO   [00m [00m             nvinfer gstnvinfer.cpp:1734:align_preprocess:<secondary-inference>[00m Alignment FPS ~ 1760.82 (avg 568 us over 24 crops)
0:01:23.790832655 [336m353111[00m     0x3144e980 [36mINFO   [00m [00m             nvinfer gstnvinfer.cpp:1734:align_preprocess:<secondary-inference>[00m Alignment FPS ~ 1511.54 (avg 662 us over 26 crops)
0:01:25.814411049 [336m353111[00m     0x3144e980 [36mINFO   [00m [00m             nvinfer gstnvinfer.cpp:1734:align_preprocess:<secondary-inference>[00m Alignment FPS ~ 2979.26 (avg 336 us over 26 crops)
frame-234, face-12 match: Phoebe score: 0.617
frame-235, face-11 match: Ross score: 0.547
frame-235, face-12 match: Phoebe score: 0.548
frame-236, face-11 match: Ross score: 0.575
frame-236, face-12 match: Phoebe score: 0.586
frame-240, face-17 match: Ross score: 0.482
frame-241, face-17 match: Ross score: 0.455
frame-242, face-17 match: Ross score: 0.462
frame-243, face-17 match: Ross score: 0.444
frame-244, face-17 match: Ross score: 0.416
frame-245, face-17 match: Ross score: 0.459
frame-246, face-17 match: Ross score: 0.429
frame-247, face-17 match: Ross score: 0.428
frame-248, face-17 match: Ross score: 0.440
frame-249, face-17 match: Ross score: 0.422
frame-251, face-17 match: Ross score: 0.408
frame-252, face-17 match: Ross score: 0.416
frame-253, face-17 match: Ross score: 0.424
frame-255, face-17 match: Ross score: 0.494
frame-256, face-17 match: Ross score: 0.422
frame-257, face-17 match: Ross score: 0.433
frame-258, face-17 match: Ross score: 0.451
frame-259, face-17 match: Ross score: 0.426
frame-262, face-17 match: Ross score: 0.495
frame-263, face-17 match: Ross score: 0.465
frame-264, face-17 match: Ross score: 0.440
frame-265, face-17 match: Ross score: 0.438
frame-266, face-17 match: Ross score: 0.487
frame-267, face-17 match: Ross score: 0.497
frame-268, face-17 match: Ross score: 0.481
frame-269, face-17 match: Ross score: 0.547
frame-270, face-17 match: Ross score: 0.517
frame-271, face-17 match: Ross score: 0.507
frame-272, face-17 match: Ross score: 0.554
frame-273, face-17 match: Ross score: 0.530
frame-274, face-17 match: Ross score: 0.557
frame-275, face-17 match: Ross score: 0.500
frame-276, face-17 match: Ross score: 0.585
frame-277, face-17 match: Ross score: 0.518
frame-278, face-17 match: Ross score: 0.580
frame-279, face-17 match: Ross score: 0.542
frame-280, face-17 match: Ross score: 0.529
frame-281, face-17 match: Ross score: 0.486
frame-282, face-17 match: Ross score: 0.477
frame-283, face-17 match: Ross score: 0.495
frame-284, face-17 match: Ross score: 0.464
frame-285, face-17 match: Ross score: 0.559
frame-286, face-17 match: Ross score: 0.506
frame-287, face-17 match: Ross score: 0.495
frame-288, face-17 match: Ross score: 0.470
frame-289, face-17 match: Ross score: 0.458
frame-290, face-17 match: Ross score: 0.476
frame-291, face-17 match: Ross score: 0.476
frame-292, face-17 match: Ross score: 0.533
frame-293, face-17 match: Ross score: 0.507
frame-294, face-17 match: Ross score: 0.514
frame-295, face-17 match: Ross score: 0.514
frame-296, face-17 match: Ross score: 0.523
frame-297, face-17 match: Ross score: 0.449
frame-298, face-17 match: Ross score: 0.509
frame-349, face-21 match: Rachel score: 0.498
frame-350, face-21 match: Rachel score: 0.561
frame-351, face-21 match: Rachel score: 0.621
frame-352, face-21 match: Rachel score: 0.668
frame-353, face-21 match: Rachel score: 0.722
frame-354, face-21 match: Rachel score: 0.752
frame-355, face-21 match: Rachel score: 0.805
frame-356, face-21 match: Rachel score: 0.830
frame-357, face-21 match: Rachel score: 0.843
frame-358, face-21 match: Rachel score: 0.840
frame-359, face-21 match: Rachel score: 0.860
frame-360, face-21 match: Rachel score: 0.887
frame-361, face-21 match: Rachel score: 0.888
frame-362, face-21 match: Rachel score: 0.887
frame-363, face-21 match: Rachel score: 0.888
frame-364, face-21 match: Rachel score: 0.893
frame-365, face-21 match: Rachel score: 0.892
frame-366, face-21 match: Rachel score: 0.883
frame-367, face-21 match: Rachel score: 0.882
frame-368, face-21 match: Rachel score: 0.880
frame-369, face-21 match: Rachel score: 0.890
frame-370, face-21 match: Rachel score: 0.871
frame-371, face-21 match: Rachel score: 0.880
frame-372, face-21 match: Rachel score: 0.853
frame-373, face-21 match: Rachel score: 0.869
frame-374, face-21 match: Rachel score: 0.867
frame-375, face-21 match: Rachel score: 0.860
frame-376, face-21 match: Rachel score: 0.846
frame-377, face-21 match: Rachel score: 0.867
frame-378, face-21 match: Rachel score: 0.866
frame-379, face-21 match: Rachel score: 0.871
frame-380, face-21 match: Rachel score: 0.859
frame-381, face-21 match: Rachel score: 0.870
frame-382, face-21 match: Rachel score: 0.858
frame-383, face-21 match: Rachel score: 0.861
frame-384, face-21 match: Rachel score: 0.885
frame-385, face-21 match: Rachel score: 0.879
frame-386, face-21 match: Rachel score: 0.878
frame-387, face-21 match: Rachel score: 0.883
frame-388, face-21 match: Rachel score: 0.885
frame-389, face-21 match: Rachel score: 0.893
frame-390, face-21 match: Rachel score: 0.907
frame-391, face-21 match: Rachel score: 0.887
frame-392, face-21 match: Rachel score: 0.884
frame-393, face-21 match: Rachel score: 0.898
frame-394, face-21 match: Rachel score: 0.882
frame-395, face-21 match: Rachel score: 0.890
frame-396, face-21 match: Rachel score: 0.881
frame-397, face-21 match: Chandler score: 0.692
frame-398, face-21 match: Chandler score: 0.702
frame-399, face-21 match: Chandler score: 0.683
frame-400, face-21 match: Chandler score: 0.695
frame-401, face-21 match: Chandler score: 0.706
frame-402, face-21 match: Chandler score: 0.680
frame-403, face-21 match: Chandler score: 0.744
frame-404, face-21 match: Chandler score: 0.765
frame-405, face-21 match: Chandler score: 0.771
frame-406, face-21 match: Chandler score: 0.684
frame-407, face-21 match: Chandler score: 0.767
frame-408, face-21 match: Chandler score: 0.780
frame-409, face-21 match: Chandler score: 0.758
frame-410, face-21 match: Chandler score: 0.772
frame-411, face-21 match: Chandler score: 0.790
frame-412, face-21 match: Chandler score: 0.805
frame-413, face-21 match: Chandler score: 0.827
frame-414, face-21 match: Chandler score: 0.826
frame-415, face-21 match: Chandler score: 0.843
frame-416, face-21 match: Chandler score: 0.818
frame-417, face-21 match: Chandler score: 0.805
frame-418, face-21 match: Chandler score: 0.800
frame-419, face-21 match: Chandler score: 0.805
frame-420, face-21 match: Chandler score: 0.825
frame-421, face-21 match: Chandler score: 0.812
frame-422, face-21 match: Chandler score: 0.781
frame-423, face-21 match: Chandler score: 0.780
frame-424, face-21 match: Chandler score: 0.758
frame-425, face-21 match: Chandler score: 0.772
frame-426, face-21 match: Chandler score: 0.748
frame-427, face-21 match: Chandler score: 0.768
frame-428, face-21 match: Chandler score: 0.775
frame-429, face-21 match: Chandler score: 0.771
frame-430, face-21 match: Chandler score: 0.781
frame-431, face-21 match: Chandler score: 0.752
frame-432, face-21 match: Chandler score: 0.708
frame-433, face-21 match: Chandler score: 0.711
frame-434, face-21 match: Chandler score: 0.678
frame-435, face-21 match: Chandler score: 0.692
frame-436, face-21 match: Chandler score: 0.683
frame-437, face-21 match: Chandler score: 0.674
frame-438, face-21 match: Chandler score: 0.699
frame-439, face-21 match: Chandler score: 0.690
frame-440, face-21 match: Chandler score: 0.735
frame-441, face-21 match: Chandler score: 0.724
frame-442, face-21 match: Chandler score: 0.730
frame-443, face-21 match: Chandler score: 0.730
frame-444, face-21 match: Chandler score: 0.707
frame-445, face-21 match: Rachel score: 0.838
frame-446, face-21 match: Rachel score: 0.846
frame-447, face-21 match: Rachel score: 0.875
frame-448, face-21 match: Rachel score: 0.867
frame-449, face-21 match: Rachel score: 0.874
frame-450, face-21 match: Rachel score: 0.881
frame-451, face-21 match: Rachel score: 0.863
frame-452, face-21 match: Rachel score: 0.864
frame-453, face-21 match: Rachel score: 0.870
frame-454, face-21 match: Rachel score: 0.872
frame-455, face-21 match: Rachel score: 0.874
frame-456, face-21 match: Rachel score: 0.869
frame-457, face-21 match: Rachel score: 0.865
frame-458, face-21 match: Rachel score: 0.887
frame-459, face-21 match: Rachel score: 0.888
frame-460, face-21 match: Rachel score: 0.882
frame-461, face-21 match: Rachel score: 0.879
frame-462, face-21 match: Rachel score: 0.860
frame-463, face-21 match: Rachel score: 0.813
frame-464, face-21 match: Rachel score: 0.791
frame-465, face-21 match: Rachel score: 0.799
frame-466, face-21 match: Rachel score: 0.788
0:01:27.836525467 [336m353111[00m     0x3144e980 [36mINFO   [00m [00m             nvinfer gstnvinfer.cpp:1734:align_preprocess:<secondary-inference>[00m Alignment FPS ~ 2074.87 (avg 482 us over 24 crops)
0:01:29.862204448 [336m353111[00m     0x3144e980 [36mINFO   [00m [00m             nvinfer gstnvinfer.cpp:1734:align_preprocess:<secondary-inference>[00m Alignment FPS ~ 3244.71 (avg 308 us over 31 crops)
0:01:31.900407558 [336m353111[00m     0x3144e980 [36mINFO   [00m [00m             nvinfer gstnvinfer.cpp:1734:align_preprocess:<secondary-inference>[00m Alignment FPS ~ 3614.85 (avg 277 us over 33 crops)
0:01:33.904627933 [336m353111[00m     0x3144e980 [36mINFO   [00m [00m             nvinfer gstnvinfer.cpp:1734:align_preprocess:<secondary-inference>[00m Alignment FPS ~ 2473.63 (avg 404 us over 34 crops)
0:01:35.933657683 [336m353111[00m     0x3144e980 [36mINFO   [00m [00m             nvinfer gstnvinfer.cpp:1734:align_preprocess:<secondary-inference>[00m Alignment FPS ~ 1150.13 (avg 869 us over 34 crops)
0:01:38.006538315 [336m353111[00m     0x3144e980 [36mINFO   [00m [00m             nvinfer gstnvinfer.cpp:1734:align_preprocess:<secondary-inference>[00m Alignment FPS ~ 4497.32 (avg 222 us over 31 crops)
0:01:40.070223252 [336m353111[00m     0x3144e980 [36mINFO   [00m [00m             nvinfer gstnvinfer.cpp:1734:align_preprocess:<secondary-inference>[00m Alignment FPS ~ 1113.45 (avg 898 us over 36 crops)
0:01:42.090886816 [336m353111[00m     0x3144e980 [36mINFO   [00m [00m             nvinfer gstnvinfer.cpp:1734:align_preprocess:<secondary-inference>[00m Alignment FPS ~ 1227.05 (avg 815 us over 29 crops)
